2026-07-07 11:21:02 INFO    anpaw.app - chat request agent=persist-check provider=(default) model=(default) text='/tools'
2026-07-07 11:21:02 INFO    anpaw.manager - 根据 agent_id='persist-check' 查找 Workspace
2026-07-07 11:21:02 INFO    anpaw.manager - 未找到 Workspace，开始懒加载: persist-check
2026-07-07 11:21:02 INFO    anpaw.tools - registered tool name=calculator
2026-07-07 11:21:02 INFO    anpaw.tools - registered tool name=time
2026-07-07 11:21:02 INFO    anpaw.tools - registered tool name=note
2026-07-07 11:21:02 INFO    anpaw.workspace - workspace created agent=persist-check skills=['calculator', 'writer'] tools=['calculator', 'time', 'note']
2026-07-07 11:21:02 INFO    anpaw.workspace - workspace started agent=persist-check dir=E:\.Aproject\anpaw\workspace\persist-check
2026-07-07 11:21:02 INFO    anpaw.manager - Workspace 已加载并缓存: persist-check
2026-07-07 11:21:02 INFO    anpaw.runner - handled command agent=persist-check command=/tools
2026-07-07 11:21:02 INFO    anpaw.app - chat response agent=persist-check trace_events=7 answer_preview='- calculator: 计算四则运算表达式\n- time: 获取当前本地时间\n- note: 把内容写入 workspace/notes.txt'
2026-07-07 11:21:15 INFO    anpaw.app - chat request agent=persist-check provider=(default) model=(default) text='/history'
2026-07-07 11:21:15 INFO    anpaw.manager - 根据 agent_id='persist-check' 查找 Workspace
2026-07-07 11:21:15 INFO    anpaw.manager - 未找到 Workspace，开始懒加载: persist-check
2026-07-07 11:21:15 INFO    anpaw.tools - registered tool name=calculator
2026-07-07 11:21:15 INFO    anpaw.tools - registered tool name=time
2026-07-07 11:21:15 INFO    anpaw.tools - registered tool name=note
2026-07-07 11:21:15 INFO    anpaw.workspace - workspace created agent=persist-check skills=['calculator', 'writer'] tools=['calculator', 'time', 'note']
2026-07-07 11:21:15 INFO    anpaw.workspace - workspace started agent=persist-check dir=E:\.Aproject\anpaw\workspace\persist-check
2026-07-07 11:21:15 INFO    anpaw.manager - Workspace 已加载并缓存: persist-check
2026-07-07 11:21:15 INFO    anpaw.runner - handled command agent=persist-check command=/history
2026-07-07 11:21:15 INFO    anpaw.app - chat response agent=persist-check trace_events=7 answer_preview='user: /tools\nassistant: - calculator: 计算四则运算表达式\n- time: 获取当前本地时间\n- note: 把内容写入 workspace/notes.txt'
